#
# A fatal error has been detected by the Java Runtime Environment:
#
#  SIGILL (0x4) at pc=0x000000010940bbbe, pid=25265, tid=7171
#
# JRE version: Java(TM) SE Runtime Environment (8.0_45-b14) (build 1.8.0_45-b14)
# Java VM: Java HotSpot(TM) 64-Bit Server VM (25.45-b02 mixed mode bsd-amd64 compressed oops)
# Problematic frame:
# J 977 C1 java.util.regex.Pattern.atom()Ljava/util/regex/Pattern$Node; (379 bytes) @ 0x000000010940bbbe [0x000000010940b9e0+0x1de]
#
# Failed to write core dump. Core dumps have been disabled. To enable core dumping, try "ulimit -c unlimited" before starting Java again
#
# If you would like to submit a bug report, please visit:
#   http://bugreport.java.com/bugreport/crash.jsp
#

---------------  T H R E A D  ---------------

Current thread (0x00007fe165001800):  JavaThread "main" [_thread_in_Java, id=7171, stack(0x00007000037b6000,0x00007000038b6000)]

siginfo: si_signo: 4 (SIGILL), si_code: 1 (ILL_ILLOPC), si_addr: 0x000000010940bbbe

Registers:
RAX=0x00000000000018a8, RBX=0x0000000000000000, RCX=0x00000000000001e5, RDX=0x000000000000005c
RSP=0x00007000038b3a40, RBP=0x00007000038b3f68, RSI=0x00000000ffffffff, RDI=0x0000000000000000
R8 =0x0000000000000118, R9 =0x00000000000018a7, R10=0x0000000000000000, R11=0x0000000000000003
R12=0x0000000000000000, R13=0x0000000000000002, R14=0x00007000038b3fa8, R15=0x00007fe165001800
RIP=0x000000010940bbbe, EFLAGS=0x0000000000010246, ERR=0x0000000000000000
  TRAPNO=0x0000000000000006

Top of Stack: (sp=0x00007000038b3a40)
0x00007000038b3a40:   00007fe1636009d0 00007fe1636009e0
0x00007000038b3a50:   00007fe163600db8 00000000000003d8
0x00007000038b3a60:   00007000038b3bf0 00000001090df09a
0x00007000038b3a70:   00000001090defd0 0000000100000000
0x00007000038b3a80:   0000000000000000 00007000038b3bf0
0x00007000038b3a90:   00000001219abd18 00007fe165001800
0x00007000038b3aa0:   00000001219abd18 000000076dd56028
0x00007000038b3ab0:   00007000038b3f98 00000001094bfed4
0x00007000038b3ac0:   00000001219abd18 000000010941ec10
0x00007000038b3ad0:   000000076dd52378 00000001219abd18
0x00007000038b3ae0:   00007000038b3f68 000000010940ea34
0x00007000038b3af0:   0000000000000000 00007000038b3f10
0x00007000038b3b00:   00007fe165001800 00007000038b3bb0
0x00007000038b3b10:   00007000038b3b90 00000001085f89b8
0x00007000038b3b20:   000000076dd527e0 00007fe165001800
0x00007000038b3b30:   0000000100000001 00000001219abd18
0x00007000038b3b40:   00007fe165001800 00007fe165001800
0x00007000038b3b50:   00007000038b3e00 00007fe1636008f0
0x00007000038b3b60:   00007000038b3ba0 00000001219abd18
0x00007000038b3b70:   00007000038b3b90 000000076dd56028
0x00007000038b3b80:   0000000000000000 0000000000000000
0x00007000038b3b90:   000000076b300118 00000001085f8c0a
0x00007000038b3ba0:   00007fe165001800 00007fe165001800
0x00007000038b3bb0:   00000001219abd18 00007fe165001800
0x00007000038b3bc0:   00000001219abd18 000000076c2d6b48
0x00007000038b3bd0:   00007000038b3fa8 00007fe165001800
0x00007000038b3be0:   00007000038b3e80 00000001090df09a
0x00007000038b3bf0:   000000004000037f 00000000a8fc7081
0x00007000038b3c00:   00007000038b3f68 000000010941d664
0x00007000038b3c10:   0000000000000000 000000000000ffff
0x00007000038b3c20:   0000000000000100 000000000000ffff
0x00007000038b3c30:   0000000000000000 0000000000000000 

Instructions: (pc=0x000000010940bbbe)
0x000000010940bb9e:   8b f7 90 90 90 90 90 90 90 e8 74 34 cd ff 48 8b
0x000000010940bbae:   d0 bf 00 00 00 00 be ff ff ff ff bb 00 00 00 00
0x000000010940bbbe:   62 90 89 7c 24 74 48 8b 7c 24 68 83 fa 00 0f 84
0x000000010940bbce:   28 06 00 00 83 fa 24 0f 84 dc 0a 00 00 83 fa 28 

Register to memory mapping:

RAX=0x00000000000018a8 is an unknown value
RBX=0x0000000000000000 is an unknown value
RCX=0x00000000000001e5 is an unknown value
RDX=0x000000000000005c is an unknown value
RSP=0x00007000038b3a40 is pointing into the stack for thread: 0x00007fe165001800
RBP=0x00007000038b3f68 is pointing into the stack for thread: 0x00007fe165001800
RSI=0x00000000ffffffff is an unknown value
RDI=0x0000000000000000 is an unknown value
R8 =0x0000000000000118 is an unknown value
R9 =0x00000000000018a7 is an unknown value
R10=0x0000000000000000 is an unknown value
R11=0x0000000000000003 is an unknown value
R12=0x0000000000000000 is an unknown value
R13=0x0000000000000002 is an unknown value
R14=0x00007000038b3fa8 is pointing into the stack for thread: 0x00007fe165001800
R15=0x00007fe165001800 is a thread


Stack: [0x00007000037b6000,0x00007000038b6000],  sp=0x00007000038b3a40,  free space=1014k
Native frames: (J=compiled Java code, j=interpreted, Vv=VM code, C=native code)
J 977 C1 java.util.regex.Pattern.atom()Ljava/util/regex/Pattern$Node; (379 bytes) @ 0x000000010940bbbe [0x000000010940b9e0+0x1de]
J 979 C1 java.util.regex.Pattern.sequence(Ljava/util/regex/Pattern$Node;)Ljava/util/regex/Pattern$Node; (553 bytes) @ 0x000000010940ea34 [0x000000010940dee0+0xb54]
J 978 C1 java.util.regex.Pattern.expr(Ljava/util/regex/Pattern$Node;)Ljava/util/regex/Pattern$Node; (142 bytes) @ 0x000000010941d664 [0x000000010941d580+0xe4]
J 984 C1 java.util.regex.Pattern.compile()V (406 bytes) @ 0x0000000109413634 [0x0000000109412a00+0xc34]
J 988 C1 java.util.regex.Pattern.<init>(Ljava/lang/String;I)V (90 bytes) @ 0x000000010941f03c [0x000000010941ede0+0x25c]
J 1116 C1 java.lang.String.replaceAll(Ljava/lang/String;Ljava/lang/String;)Ljava/lang/String; (13 bytes) @ 0x000000010949854c [0x0000000109498420+0x12c]
j  org.stringtemplate.v4.compiler.GroupLexer.mSTRING()V+532
J 1249 C1 org.stringtemplate.v4.compiler.GroupLexer.mTokens()V (316 bytes) @ 0x0000000109512ef4 [0x0000000109512820+0x6d4]
J 1258 C1 st4hidden.org.antlr.runtime.Lexer.nextToken()Lst4hidden/org/antlr/runtime/Token; (169 bytes) @ 0x00000001095185f4 [0x0000000109518160+0x494]
J 1147 C1 st4hidden.org.antlr.runtime.BufferedTokenStream.fetch(I)V (63 bytes) @ 0x00000001094a49ec [0x00000001094a48c0+0x12c]
J 1145 C1 st4hidden.org.antlr.runtime.CommonTokenStream.consume()V (80 bytes) @ 0x00000001094a25b4 [0x00000001094a2280+0x334]
J 1128 C1 st4hidden.org.antlr.runtime.BaseRecognizer.match(Lst4hidden/org/antlr/runtime/IntStream;ILst4hidden/org/antlr/runtime/BitSet;)Ljava/lang/Object; (76 bytes) @ 0x000000010949ddd4 [0x000000010949da00+0x3d4]
j  org.stringtemplate.v4.compiler.GroupParser.templateDef(Ljava/lang/String;)V+478
j  org.stringtemplate.v4.compiler.GroupParser.def(Ljava/lang/String;)V+289
j  org.stringtemplate.v4.compiler.GroupParser.group(Lorg/stringtemplate/v4/STGroup;Ljava/lang/String;)V+489
j  org.stringtemplate.v4.STGroup.loadGroupFile(Ljava/lang/String;Ljava/lang/String;)V+126
j  org.stringtemplate.v4.STGroupFile.load()V+60
j  org.stringtemplate.v4.STGroup.registerRenderer(Ljava/lang/Class;Lorg/stringtemplate/v4/AttributeRenderer;Z)V+76
j  org.stringtemplate.v4.STGroup.registerRenderer(Ljava/lang/Class;Lorg/stringtemplate/v4/AttributeRenderer;)V+4
j  org.antlr.v4.codegen.Target.loadTemplates()Lorg/stringtemplate/v4/STGroup;+101
j  org.antlr.v4.codegen.JavaTarget.loadTemplates()Lorg/stringtemplate/v4/STGroup;+15
j  org.antlr.v4.codegen.Target.getTemplates()Lorg/stringtemplate/v4/STGroup;+71
j  org.antlr.v4.codegen.CodeGenerator.getTemplates()Lorg/stringtemplate/v4/STGroup;+14
j  org.antlr.v4.automata.LexerATNFactory.<init>(Lorg/antlr/v4/tool/LexerGrammar;)V+50
j  org.antlr.v4.Tool.processNonCombinedGrammar(Lorg/antlr/v4/tool/Grammar;Z)V+136
j  org.antlr.v4.Tool.process(Lorg/antlr/v4/tool/Grammar;Z)V+118
j  org.antlr.v4.Tool.processGrammarsOnCommandLine()V+101
v  ~StubRoutines::call_stub
V  [libjvm.dylib+0x2e032a]  JavaCalls::call_helper(JavaValue*, methodHandle*, JavaCallArguments*, Thread*)+0x6ae
V  [libjvm.dylib+0x4b4146]  Reflection::invoke(instanceKlassHandle, methodHandle, Handle, bool, objArrayHandle, BasicType, objArrayHandle, bool, Thread*)+0xdf8
V  [libjvm.dylib+0x4b4660]  Reflection::invoke_method(oopDesc*, Handle, objArrayHandle, Thread*)+0x16c
V  [libjvm.dylib+0x330500]  JVM_InvokeMethod+0x166
j  sun.reflect.NativeMethodAccessorImpl.invoke0(Ljava/lang/reflect/Method;Ljava/lang/Object;[Ljava/lang/Object;)Ljava/lang/Object;+0
j  sun.reflect.NativeMethodAccessorImpl.invoke(Ljava/lang/Object;[Ljava/lang/Object;)Ljava/lang/Object;+100
J 531 C1 sun.reflect.DelegatingMethodAccessorImpl.invoke(Ljava/lang/Object;[Ljava/lang/Object;)Ljava/lang/Object; (10 bytes) @ 0x00000001092c814c [0x00000001092c8040+0x10c]
J 530 C1 java.lang.reflect.Method.invoke(Ljava/lang/Object;[Ljava/lang/Object;)Ljava/lang/Object; (62 bytes) @ 0x00000001092ca854 [0x00000001092ca460+0x3f4]
j  org.gradle.internal.reflect.JavaMethod.invoke(Ljava/lang/Object;[Ljava/lang/Object;)Ljava/lang/Object;+6
j  org.gradle.api.plugins.antlr.internal.AntlrExecuter$Antlr4Tool.invoke(Ljava/util/List;Ljava/io/File;)I+48
j  org.gradle.api.plugins.antlr.internal.AntlrExecuter$AntlrTool.doProcess(Lorg/gradle/api/plugins/antlr/internal/AntlrSpec;)Lorg/gradle/api/plugins/antlr/internal/AntlrResult;+177
j  org.gradle.api.plugins.antlr.internal.AntlrExecuter$AntlrTool.process(Lorg/gradle/api/plugins/antlr/internal/AntlrSpec;)Lorg/gradle/api/plugins/antlr/internal/AntlrResult;+2
j  org.gradle.api.plugins.antlr.internal.AntlrExecuter.runAntlr(Lorg/gradle/api/plugins/antlr/internal/AntlrSpec;)Lorg/gradle/api/plugins/antlr/internal/AntlrResult;+27
j  org.gradle.api.plugins.antlr.internal.AntlrWorkerServer.execute()Lorg/gradle/api/plugins/antlr/internal/AntlrResult;+23
j  org.gradle.api.plugins.antlr.internal.AntlrWorkerServer.execute(Lorg/gradle/process/internal/WorkerProcessContext;)V+1
j  org.gradle.api.plugins.antlr.internal.AntlrWorkerServer.execute(Ljava/lang/Object;)V+5
j  org.gradle.process.internal.child.ActionExecutionWorker.execute(Lorg/gradle/process/internal/child/WorkerContext;)V+93
j  org.gradle.process.internal.child.ActionExecutionWorker.execute(Ljava/lang/Object;)V+5
j  org.gradle.process.internal.child.ImplementationClassLoaderWorker.execute(Lorg/gradle/process/internal/child/WorkerContext;)V+196
j  org.gradle.process.internal.child.ImplementationClassLoaderWorker.execute(Ljava/lang/Object;)V+5
j  org.gradle.process.internal.child.IsolatedApplicationClassLoaderWorker.call()Ljava/lang/Void;+20
j  org.gradle.process.internal.launcher.IsolatedGradleWorkerMain.run()V+98
j  org.gradle.process.internal.launcher.IsolatedGradleWorkerMain.main([Ljava/lang/String;)V+7
v  ~StubRoutines::call_stub
V  [libjvm.dylib+0x2e032a]  JavaCalls::call_helper(JavaValue*, methodHandle*, JavaCallArguments*, Thread*)+0x6ae
V  [libjvm.dylib+0x316a36]  jni_invoke_static(JNIEnv_*, JavaValue*, _jobject*, JNICallType, _jmethodID*, JNI_ArgumentPusher*, Thread*)+0x1bf
V  [libjvm.dylib+0x30f7b0]  jni_CallStaticVoidMethod+0x15d
C  [java+0x39ae]  JavaMain+0x9b1
C  [libsystem_pthread.dylib+0x3aab]  _pthread_body+0xb4
C  [libsystem_pthread.dylib+0x39f7]  _pthread_body+0x0
C  [libsystem_pthread.dylib+0x3221]  thread_start+0xd
C  0x0000000000000000


---------------  P R O C E S S  ---------------

Java Threads: ( => current thread )
  0x00007fe16582d000 JavaThread "Service Thread" daemon [_thread_blocked, id=21251, stack(0x00007000048e9000,0x00007000049e9000)]
  0x00007fe165030800 JavaThread "C1 CompilerThread3" daemon [_thread_blocked, id=20739, stack(0x00007000047e6000,0x00007000048e6000)]
  0x00007fe16502f800 JavaThread "C2 CompilerThread2" daemon [_thread_in_native, id=20227, stack(0x00007000046e3000,0x00007000047e3000)]
  0x00007fe16502f000 JavaThread "C2 CompilerThread1" daemon [_thread_in_native, id=19715, stack(0x00007000045e0000,0x00007000046e0000)]
  0x00007fe165013800 JavaThread "C2 CompilerThread0" daemon [_thread_in_native, id=19203, stack(0x00007000044dd000,0x00007000045dd000)]
  0x00007fe165000000 JavaThread "Signal Dispatcher" daemon [_thread_blocked, id=18691, stack(0x00007000043da000,0x00007000044da000)]
  0x00007fe165829800 JavaThread "Finalizer" daemon [_thread_blocked, id=14595, stack(0x00007000042d7000,0x00007000043d7000)]
  0x00007fe165829000 JavaThread "Reference Handler" daemon [_thread_blocked, id=14083, stack(0x00007000041d4000,0x00007000042d4000)]
=>0x00007fe165001800 JavaThread "main" [_thread_in_Java, id=7171, stack(0x00007000037b6000,0x00007000038b6000)]

Other Threads:
  0x00007fe16383c000 VMThread [stack: 0x00007000040d1000,0x00007000041d1000] [id=13571]
  0x00007fe165877800 WatcherThread [stack: 0x00007000049ec000,0x0000700004aec000] [id=21763]

VM state:not at safepoint (normal execution)

VM Mutex/Monitor currently owned by a thread: None

Heap:
 PSYoungGen      total 76288K, used 53074K [0x000000076ab00000, 0x0000000770000000, 0x00000007c0000000)
  eden space 65536K, 80% used [0x000000076ab00000,0x000000076ded4a10,0x000000076eb00000)
  from space 10752K, 0% used [0x000000076f580000,0x000000076f580000,0x0000000770000000)
  to   space 10752K, 0% used [0x000000076eb00000,0x000000076eb00000,0x000000076f580000)
 ParOldGen       total 175104K, used 0K [0x00000006c0000000, 0x00000006cab00000, 0x000000076ab00000)
  object space 175104K, 0% used [0x00000006c0000000,0x00000006c0000000,0x00000006cab00000)
 Metaspace       used 9404K, capacity 9624K, committed 9728K, reserved 1058816K
  class space    used 1142K, capacity 1234K, committed 1280K, reserved 1048576K

Card table byte_map: [0x0000000118099000,0x000000011889a000] byte_map_base: 0x0000000114a99000

Marking Bits: (ParMarkBitMap*) 0x00000001089f27a0
 Begin Bits: [0x0000000118df0000, 0x000000011cdf0000)
 End Bits:   [0x000000011cdf0000, 0x0000000120df0000)

Polling page: 0x0000000106671000

CodeCache: size=245760Kb used=4631Kb max_used=4631Kb free=241128Kb
 bounds [0x0000000109099000, 0x0000000109529000, 0x0000000118099000]
 total_blobs=1557 nmethods=1255 adapters=214
 compilation: enabled

Compilation events (10 events):
Event: 0.876 Thread 0x00007fe165030800 nmethod 1253 0x0000000109519410 code [0x0000000109519580, 0x0000000109519830]
Event: 0.876 Thread 0x00007fe165030800 1227       1       org.stringtemplate.v4.compiler.STParser$expr_return::getTree (5 bytes)
Event: 0.876 Thread 0x00007fe165030800 nmethod 1227 0x0000000109519950 code [0x0000000109519aa0, 0x0000000109519bb0]
Event: 0.876 Thread 0x00007fe165030800 1247       1       org.stringtemplate.v4.compiler.STParser$exprNoComma_return::getTree (5 bytes)
Event: 0.876 Thread 0x00007fe165030800 nmethod 1247 0x0000000109519c10 code [0x0000000109519d60, 0x0000000109519e70]
Event: 0.876 Thread 0x00007fe165030800 1259       1       org.stringtemplate.v4.compiler.STParser$templateAndEOF_return::getTree (5 bytes)
Event: 0.876 Thread 0x00007fe165030800 nmethod 1259 0x0000000109519ed0 code [0x000000010951a020, 0x000000010951a130]
Event: 0.876 Thread 0x00007fe165030800 1255       1       org.stringtemplate.v4.compiler.STParser$option_return::getTree (5 bytes)
Event: 0.876 Thread 0x00007fe165030800 nmethod 1255 0x000000010951a190 code [0x000000010951a2e0, 0x000000010951a3f0]
Event: 0.876 Thread 0x00007fe165030800 1260   !   3       org.stringtemplate.v4.compiler.STParser::exprTag (541 bytes)

GC Heap History (0 events):
No events

Deoptimization events (9 events):
Event: 0.236 Thread 0x00007fe165001800 Uncommon trap: reason=unstable_if action=reinterpret pc=0x000000010924589c method=java.lang.String.replace(CC)Ljava/lang/String; @ 26
Event: 0.291 Thread 0x00007fe165001800 Uncommon trap: reason=unstable_if action=reinterpret pc=0x000000010925705c method=java.net.URLStreamHandler.sameFile(Ljava/net/URL;Ljava/net/URL;)Z @ 8
Event: 0.292 Thread 0x00007fe165001800 Uncommon trap: reason=unstable_if action=reinterpret pc=0x0000000109259b80 method=java.net.URLStreamHandler.sameFile(Ljava/net/URL;Ljava/net/URL;)Z @ 8
Event: 0.374 Thread 0x00007fe165001800 Uncommon trap: reason=unstable_if action=reinterpret pc=0x00000001092c4f08 method=sun.misc.MetaIndex.mayContain(Ljava/lang/String;)Z @ 13
Event: 0.646 Thread 0x00007fe165001800 Uncommon trap: reason=unstable_if action=reinterpret pc=0x00000001093524ec method=org.antlr.runtime.ANTLRStringStream.LA(I)I @ 38
Event: 0.764 Thread 0x00007fe165001800 Uncommon trap: reason=unstable_if action=reinterpret pc=0x00000001094443e8 method=org.antlr.runtime.tree.TreeIterator.next()Ljava/lang/Object; @ 151
Event: 0.773 Thread 0x00007fe165001800 Uncommon trap: reason=unstable_if action=reinterpret pc=0x000000010944acd4 method=org.antlr.runtime.tree.TreeIterator.next()Ljava/lang/Object; @ 151
Event: 0.800 Thread 0x00007fe165001800 Uncommon trap: reason=unstable_if action=reinterpret pc=0x00000001092da230 method=java.util.HashMap.getNode(ILjava/lang/Object;)Ljava/util/HashMap$Node; @ 129
Event: 0.830 Thread 0x00007fe165001800 Uncommon trap: reason=unstable_if action=reinterpret pc=0x0000000109215d54 method=java.lang.String.startsWith(Ljava/lang/String;I)Z @ 25

Internal exceptions (10 events):
Event: 0.160 Thread 0x00007fe165001800 Exception <a 'java/lang/ArrayIndexOutOfBoundsException': 18> (0x000000076b00c478) thrown at [/Users/java_re/workspace/8-2-build-macosx-x86_64/jdk8u45/3457/hotspot/src/share/vm/interpreter/interpreterRuntime.cpp, line 366]
Event: 0.160 Thread 0x00007fe165001800 Exception <a 'java/lang/ArrayIndexOutOfBoundsException': 40> (0x000000076b00cff8) thrown at [/Users/java_re/workspace/8-2-build-macosx-x86_64/jdk8u45/3457/hotspot/src/share/vm/interpreter/interpreterRuntime.cpp, line 366]
Event: 0.205 Thread 0x00007fe165001800 Exception <a 'java/lang/ArrayIndexOutOfBoundsException'> (0x000000076b18c348) thrown at [/Users/java_re/workspace/8-2-build-macosx-x86_64/jdk8u45/3457/hotspot/src/share/vm/runtime/sharedRuntime.cpp, line 605]
Event: 0.205 Thread 0x00007fe165001800 Exception <a 'java/lang/ArrayIndexOutOfBoundsException'> (0x000000076b18cfa8) thrown at [/Users/java_re/workspace/8-2-build-macosx-x86_64/jdk8u45/3457/hotspot/src/share/vm/runtime/sharedRuntime.cpp, line 605]
Event: 0.303 Thread 0x00007fe165001800 Exception <a 'java/lang/NoSuchMethodError': <clinit>> (0x000000076b5efc80) thrown at [/Users/java_re/workspace/8-2-build-macosx-x86_64/jdk8u45/3457/hotspot/src/share/vm/prims/jni.cpp, line 1598]
Event: 0.307 Thread 0x00007fe165001800 Exception <a 'java/lang/NoSuchMethodError': <clinit>> (0x000000076b63b838) thrown at [/Users/java_re/workspace/8-2-build-macosx-x86_64/jdk8u45/3457/hotspot/src/share/vm/prims/jni.cpp, line 1598]
Event: 0.348 Thread 0x00007fe165001800 Exception <a 'java/lang/ArrayIndexOutOfBoundsException'> (0x000000076b8db890) thrown at [/Users/java_re/workspace/8-2-build-macosx-x86_64/jdk8u45/3457/hotspot/src/share/vm/runtime/sharedRuntime.cpp, line 605]
Event: 0.348 Thread 0x00007fe165001800 Exception <a 'java/lang/ArrayIndexOutOfBoundsException'> (0x000000076b8de348) thrown at [/Users/java_re/workspace/8-2-build-macosx-x86_64/jdk8u45/3457/hotspot/src/share/vm/runtime/sharedRuntime.cpp, line 605]
Event: 0.348 Thread 0x00007fe165001800 Exception <a 'java/lang/ArrayIndexOutOfBoundsException'> (0x000000076b8e01d0) thrown at [/Users/java_re/workspace/8-2-build-macosx-x86_64/jdk8u45/3457/hotspot/src/share/vm/runtime/sharedRuntime.cpp, line 605]
Event: 0.350 Thread 0x00007fe165001800 Exception <a 'java/lang/ArrayIndexOutOfBoundsException'> (0x000000076b8f7068) thrown at [/Users/java_re/workspace/8-2-build-macosx-x86_64/jdk8u45/3457/hotspot/src/share/vm/runtime/sharedRuntime.cpp, line 605]

Events (10 events):
Event: 0.833 loading class org/stringtemplate/v4/debug/EvalExprEvent
Event: 0.833 loading class org/stringtemplate/v4/debug/EvalExprEvent done
Event: 0.834 loading class org/stringtemplate/v4/debug/EvalTemplateEvent
Event: 0.834 loading class org/stringtemplate/v4/debug/EvalTemplateEvent done
Event: 0.834 loading class org/stringtemplate/v4/debug/IndentEvent
Event: 0.834 loading class org/stringtemplate/v4/debug/IndentEvent done
Event: 0.835 loading class org/stringtemplate/v4/Interpreter$1
Event: 0.835 loading class org/stringtemplate/v4/Interpreter$1 done
Event: 0.836 loading class org/stringtemplate/v4/compiler/CodeGenerator$exprOptions_return
Event: 0.836 loading class org/stringtemplate/v4/compiler/CodeGenerator$exprOptions_return done


Dynamic libraries:
0x000000001e9ab000 	/System/Library/Frameworks/Cocoa.framework/Versions/A/Cocoa
0x000000001e9ab000 	/System/Library/Frameworks/Security.framework/Versions/A/Security
0x000000001e9ab000 	/System/Library/Frameworks/ApplicationServices.framework/Versions/A/ApplicationServices
0x000000001e9ab000 	/usr/lib/libz.1.dylib
0x000000001e9ab000 	/usr/lib/libSystem.B.dylib
0x000000001e9ab000 	/usr/lib/libobjc.A.dylib
0x000000001e9ab000 	/System/Library/Frameworks/CoreFoundation.framework/Versions/A/CoreFoundation
0x000000001e9ab000 	/System/Library/Frameworks/Foundation.framework/Versions/C/Foundation
0x000000001e9ab000 	/System/Library/Frameworks/AppKit.framework/Versions/C/AppKit
0x000000001e9ab000 	/System/Library/Frameworks/CoreData.framework/Versions/A/CoreData
0x000000001e9ab000 	/System/Library/PrivateFrameworks/RemoteViewServices.framework/Versions/A/RemoteViewServices
0x000000001e9ab000 	/System/Library/PrivateFrameworks/UIFoundation.framework/Versions/A/UIFoundation
0x000000001e9ab000 	/usr/lib/libenergytrace.dylib
0x000000001e9ab000 	/System/Library/PrivateFrameworks/SkyLight.framework/Versions/A/SkyLight
0x000000001e9ab000 	/System/Library/Frameworks/CoreGraphics.framework/Versions/A/CoreGraphics
0x000000001e9ab000 	/usr/lib/libScreenReader.dylib
0x000000001e9ab000 	/System/Library/Frameworks/Accelerate.framework/Versions/A/Accelerate
0x000000001e9ab000 	/System/Library/Frameworks/IOSurface.framework/Versions/A/IOSurface
0x000000001e9ab000 	/System/Library/Frameworks/AudioToolbox.framework/Versions/A/AudioToolbox
0x000000001e9ab000 	/System/Library/Frameworks/AudioUnit.framework/Versions/A/AudioUnit
0x000000001e9ab000 	/System/Library/PrivateFrameworks/DataDetectorsCore.framework/Versions/A/DataDetectorsCore
0x000000001e9ab000 	/System/Library/PrivateFrameworks/DesktopServicesPriv.framework/Versions/A/DesktopServicesPriv
0x000000001e9ab000 	/System/Library/Frameworks/Carbon.framework/Versions/A/Frameworks/HIToolbox.framework/Versions/A/HIToolbox
0x000000001e9ab000 	/usr/lib/libicucore.A.dylib
0x000000001e9ab000 	/System/Library/Frameworks/QuartzCore.framework/Versions/A/QuartzCore
0x000000001e9ab000 	/System/Library/Frameworks/Carbon.framework/Versions/A/Frameworks/SpeechRecognition.framework/Versions/A/SpeechRecognition
0x000000001e9ab000 	/usr/lib/libauto.dylib
0x000000001e9ab000 	/usr/lib/libxml2.2.dylib
0x000000001e9ab000 	/System/Library/PrivateFrameworks/CoreUI.framework/Versions/A/CoreUI
0x000000001e9ab000 	/System/Library/Frameworks/CoreAudio.framework/Versions/A/CoreAudio
0x000000001e9ab000 	/System/Library/Frameworks/DiskArbitration.framework/Versions/A/DiskArbitration
0x000000001e9ab000 	/usr/lib/liblangid.dylib
0x000000001e9ab000 	/System/Library/PrivateFrameworks/MultitouchSupport.framework/Versions/A/MultitouchSupport
0x000000001e9ab000 	/System/Library/Frameworks/IOKit.framework/Versions/A/IOKit
0x000000001e9ab000 	/usr/lib/libDiagnosticMessagesClient.dylib
0x000000001e9ab000 	/System/Library/Frameworks/CoreServices.framework/Versions/A/CoreServices
0x000000001e9ab000 	/System/Library/PrivateFrameworks/PerformanceAnalysis.framework/Versions/A/PerformanceAnalysis
0x000000001e9ab000 	/System/Library/PrivateFrameworks/GenerationalStorage.framework/Versions/A/GenerationalStorage
0x000000001e9ab000 	/System/Library/Frameworks/OpenGL.framework/Versions/A/OpenGL
0x000000001e9ab000 	/System/Library/Frameworks/CoreImage.framework/Versions/A/CoreImage
0x000000001e9ab000 	/System/Library/Frameworks/CoreText.framework/Versions/A/CoreText
0x000000001e9ab000 	/System/Library/Frameworks/ImageIO.framework/Versions/A/ImageIO
0x000000001e9ab000 	/System/Library/PrivateFrameworks/Backup.framework/Versions/A/Backup
0x000000001e9ab000 	/usr/lib/libarchive.2.dylib
0x000000001e9ab000 	/System/Library/Frameworks/CFNetwork.framework/Versions/A/CFNetwork
0x000000001e9ab000 	/System/Library/Frameworks/SystemConfiguration.framework/Versions/A/SystemConfiguration
0x000000001e9ab000 	/usr/lib/libCRFSuite.dylib
0x000000001e9ab000 	/usr/lib/libc++.1.dylib
0x000000001e9ab000 	/usr/lib/libc++abi.dylib
0x000000001e9ab000 	/usr/lib/system/libcache.dylib
0x000000001e9ab000 	/usr/lib/system/libcommonCrypto.dylib
0x000000001e9ab000 	/usr/lib/system/libcompiler_rt.dylib
0x000000001e9ab000 	/usr/lib/system/libcopyfile.dylib
0x000000001e9ab000 	/usr/lib/system/libcorecrypto.dylib
0x000000001e9ab000 	/usr/lib/system/libdispatch.dylib
0x000000001e9ab000 	/usr/lib/system/libdyld.dylib
0x000000001e9ab000 	/usr/lib/system/libkeymgr.dylib
0x000000001e9ab000 	/usr/lib/system/liblaunch.dylib
0x000000001e9ab000 	/usr/lib/system/libmacho.dylib
0x000000001e9ab000 	/usr/lib/system/libquarantine.dylib
0x000000001e9ab000 	/usr/lib/system/libremovefile.dylib
0x000000001e9ab000 	/usr/lib/system/libsystem_asl.dylib
0x000000001e9ab000 	/usr/lib/system/libsystem_blocks.dylib
0x000000001e9ab000 	/usr/lib/system/libsystem_c.dylib
0x000000001e9ab000 	/usr/lib/system/libsystem_configuration.dylib
0x000000001e9ab000 	/usr/lib/system/libsystem_coreservices.dylib
0x000000001e9ab000 	/usr/lib/system/libsystem_coretls.dylib
0x000000001e9ab000 	/usr/lib/system/libsystem_dnssd.dylib
0x000000001e9ab000 	/usr/lib/system/libsystem_info.dylib
0x000000001e9ab000 	/usr/lib/system/libsystem_kernel.dylib
0x000000001e9ab000 	/usr/lib/system/libsystem_m.dylib
0x000000001e9ab000 	/usr/lib/system/libsystem_malloc.dylib
0x000000001e9ab000 	/usr/lib/system/libsystem_network.dylib
0x000000001e9ab000 	/usr/lib/system/libsystem_networkextension.dylib
0x000000001e9ab000 	/usr/lib/system/libsystem_notify.dylib
0x000000001e9ab000 	/usr/lib/system/libsystem_platform.dylib
0x000000001e9ab000 	/usr/lib/system/libsystem_pthread.dylib
0x000000001e9ab000 	/usr/lib/system/libsystem_sandbox.dylib
0x000000001e9ab000 	/usr/lib/system/libsystem_secinit.dylib
0x000000001e9ab000 	/usr/lib/system/libsystem_symptoms.dylib
0x000000001e9ab000 	/usr/lib/system/libsystem_trace.dylib
0x000000001e9ab000 	/usr/lib/system/libunwind.dylib
0x000000001e9ab000 	/usr/lib/system/libxpc.dylib
0x000000001e9ab000 	/usr/lib/libbsm.0.dylib
0x000000001e9ab000 	/usr/lib/system/libkxld.dylib
0x000000001e9ab000 	/usr/lib/libcoretls.dylib
0x000000001e9ab000 	/usr/lib/libcoretls_cfhelpers.dylib
0x000000001e9ab000 	/usr/lib/libxar.1.dylib
0x000000001e9ab000 	/usr/lib/libsqlite3.dylib
0x000000001e9ab000 	/usr/lib/libpam.2.dylib
0x000000001e9ab000 	/usr/lib/libOpenScriptingUtil.dylib
0x000000001e9ab000 	/usr/lib/libbz2.1.0.dylib
0x000000001e9ab000 	/usr/lib/liblzma.5.dylib
0x000000001e9ab000 	/usr/lib/libnetwork.dylib
0x000000001e9ab000 	/usr/lib/libpcap.A.dylib
0x000000001e9ab000 	/System/Library/Frameworks/CoreServices.framework/Versions/A/Frameworks/FSEvents.framework/Versions/A/FSEvents
0x000000001e9ab000 	/System/Library/Frameworks/CoreServices.framework/Versions/A/Frameworks/CarbonCore.framework/Versions/A/CarbonCore
0x000000001e9ab000 	/System/Library/Frameworks/CoreServices.framework/Versions/A/Frameworks/Metadata.framework/Versions/A/Metadata
0x000000001e9ab000 	/System/Library/Frameworks/CoreServices.framework/Versions/A/Frameworks/OSServices.framework/Versions/A/OSServices
0x000000001e9ab000 	/System/Library/Frameworks/CoreServices.framework/Versions/A/Frameworks/SearchKit.framework/Versions/A/SearchKit
0x000000001e9ab000 	/System/Library/Frameworks/CoreServices.framework/Versions/A/Frameworks/AE.framework/Versions/A/AE
0x000000001e9ab000 	/System/Library/Frameworks/CoreServices.framework/Versions/A/Frameworks/LaunchServices.framework/Versions/A/LaunchServices
0x000000001e9ab000 	/System/Library/Frameworks/CoreServices.framework/Versions/A/Frameworks/DictionaryServices.framework/Versions/A/DictionaryServices
0x000000001e9ab000 	/System/Library/Frameworks/CoreServices.framework/Versions/A/Frameworks/SharedFileList.framework/Versions/A/SharedFileList
0x000000001e9ab000 	/System/Library/Frameworks/NetFS.framework/Versions/A/NetFS
0x000000001e9ab000 	/System/Library/PrivateFrameworks/NetAuth.framework/Versions/A/NetAuth
0x000000001e9ab000 	/System/Library/PrivateFrameworks/login.framework/Versions/A/Frameworks/loginsupport.framework/Versions/A/loginsupport
0x000000001e9ab000 	/System/Library/PrivateFrameworks/TCC.framework/Versions/A/TCC
0x000000001e9ab000 	/usr/lib/libmecabra.dylib
0x000000001e9ab000 	/System/Library/Frameworks/ApplicationServices.framework/Versions/A/Frameworks/ATS.framework/Versions/A/ATS
0x000000001e9ab000 	/System/Library/Frameworks/ApplicationServices.framework/Versions/A/Frameworks/ColorSync.framework/Versions/A/ColorSync
0x000000001e9ab000 	/System/Library/Frameworks/ApplicationServices.framework/Versions/A/Frameworks/HIServices.framework/Versions/A/HIServices
0x000000001e9ab000 	/System/Library/Frameworks/ApplicationServices.framework/Versions/A/Frameworks/LangAnalysis.framework/Versions/A/LangAnalysis
0x000000001e9ab000 	/System/Library/Frameworks/ApplicationServices.framework/Versions/A/Frameworks/PrintCore.framework/Versions/A/PrintCore
0x000000001e9ab000 	/System/Library/Frameworks/ApplicationServices.framework/Versions/A/Frameworks/QD.framework/Versions/A/QD
0x000000001e9ab000 	/System/Library/Frameworks/ApplicationServices.framework/Versions/A/Frameworks/SpeechSynthesis.framework/Versions/A/SpeechSynthesis
0x000000001e9ab000 	/System/Library/Frameworks/Accelerate.framework/Versions/A/Frameworks/vImage.framework/Versions/A/vImage
0x000000001e9ab000 	/System/Library/Frameworks/Accelerate.framework/Versions/A/Frameworks/vecLib.framework/Versions/A/vecLib
0x000000001e9ab000 	/System/Library/Frameworks/Accelerate.framework/Versions/A/Frameworks/vecLib.framework/Versions/A/libvDSP.dylib
0x000000001e9ab000 	/System/Library/Frameworks/Accelerate.framework/Versions/A/Frameworks/vecLib.framework/Versions/A/libBNNS.dylib
0x000000001e9ab000 	/System/Library/Frameworks/Accelerate.framework/Versions/A/Frameworks/vecLib.framework/Versions/A/libQuadrature.dylib
0x000000001e9ab000 	/System/Library/Frameworks/Accelerate.framework/Versions/A/Frameworks/vecLib.framework/Versions/A/libvMisc.dylib
0x000000001e9ab000 	/System/Library/Frameworks/Accelerate.framework/Versions/A/Frameworks/vecLib.framework/Versions/A/libLAPACK.dylib
0x000000001e9ab000 	/System/Library/Frameworks/Accelerate.framework/Versions/A/Frameworks/vecLib.framework/Versions/A/libBLAS.dylib
0x000000001e9ab000 	/System/Library/Frameworks/Accelerate.framework/Versions/A/Frameworks/vecLib.framework/Versions/A/libLinearAlgebra.dylib
0x000000001e9ab000 	/System/Library/Frameworks/Accelerate.framework/Versions/A/Frameworks/vecLib.framework/Versions/A/libSparseBLAS.dylib
0x000000001e9ab000 	/System/Library/Frameworks/ApplicationServices.framework/Versions/A/Frameworks/ATS.framework/Versions/A/Resources/libFontParser.dylib
0x000000001e9ab000 	/System/Library/Frameworks/ApplicationServices.framework/Versions/A/Frameworks/ATS.framework/Versions/A/Resources/libFontRegistry.dylib
0x000000001e9ab000 	/System/Library/Frameworks/ImageIO.framework/Versions/A/Resources/libJPEG.dylib
0x000000001e9ab000 	/System/Library/Frameworks/ImageIO.framework/Versions/A/Resources/libTIFF.dylib
0x000000001e9ab000 	/System/Library/Frameworks/ImageIO.framework/Versions/A/Resources/libPng.dylib
0x000000001e9ab000 	/System/Library/Frameworks/ImageIO.framework/Versions/A/Resources/libGIF.dylib
0x000000001e9ab000 	/System/Library/Frameworks/ImageIO.framework/Versions/A/Resources/libJP2.dylib
0x000000001e9ab000 	/System/Library/Frameworks/ImageIO.framework/Versions/A/Resources/libRadiance.dylib
0x000000001e9ab000 	/usr/lib/libcompression.dylib
0x000000001e9ab000 	/System/Library/PrivateFrameworks/AppleJPEG.framework/Versions/A/AppleJPEG
0x000000001e9ab000 	/usr/lib/libcups.2.dylib
0x000000001e9ab000 	/System/Library/Frameworks/Kerberos.framework/Versions/A/Kerberos
0x000000001e9ab000 	/System/Library/Frameworks/GSS.framework/Versions/A/GSS
0x000000001e9ab000 	/usr/lib/libresolv.9.dylib
0x000000001e9ab000 	/usr/lib/libiconv.2.dylib
0x000000001e9ab000 	/System/Library/PrivateFrameworks/Heimdal.framework/Versions/A/Heimdal
0x000000001e9ab000 	/usr/lib/libheimdal-asn1.dylib
0x000000001e9ab000 	/System/Library/Frameworks/OpenDirectory.framework/Versions/A/OpenDirectory
0x000000001e9ab000 	/System/Library/PrivateFrameworks/CommonAuth.framework/Versions/A/CommonAuth
0x000000001e9ab000 	/System/Library/Frameworks/OpenDirectory.framework/Versions/A/Frameworks/CFOpenDirectory.framework/Versions/A/CFOpenDirectory
0x000000001e9ab000 	/System/Library/Frameworks/SecurityFoundation.framework/Versions/A/SecurityFoundation
0x000000001e9ab000 	/System/Library/PrivateFrameworks/LanguageModeling.framework/Versions/A/LanguageModeling
0x000000001e9ab000 	/usr/lib/libmarisa.dylib
0x000000001e9ab000 	/usr/lib/libChineseTokenizer.dylib
0x000000001e9ab000 	/usr/lib/libcmph.dylib
0x000000001e9ab000 	/System/Library/PrivateFrameworks/CoreEmoji.framework/Versions/A/CoreEmoji
0x000000001e9ab000 	/System/Library/Frameworks/ServiceManagement.framework/Versions/A/ServiceManagement
0x000000001e9ab000 	/usr/lib/libxslt.1.dylib
0x000000001e9ab000 	/System/Library/Frameworks/Carbon.framework/Versions/A/Frameworks/Ink.framework/Versions/A/Ink
0x000000001e9ab000 	/System/Library/PrivateFrameworks/TextureIO.framework/Versions/A/TextureIO
0x000000001e9ab000 	/System/Library/Frameworks/Metal.framework/Versions/A/Metal
0x000000001e9ab000 	/usr/lib/libate.dylib
0x000000001e9ab000 	/System/Library/PrivateFrameworks/GPUCompiler.framework/libmetal_timestamp.dylib
0x000000001e9ab000 	/System/Library/Frameworks/OpenGL.framework/Versions/A/Libraries/libCoreFSCache.dylib
0x000000001e9ab000 	/System/Library/PrivateFrameworks/IOAccelerator.framework/Versions/A/IOAccelerator
0x000000001e9ab000 	/System/Library/Frameworks/CoreVideo.framework/Versions/A/CoreVideo
0x000000001e9ab000 	/usr/lib/libFosl_dynamic.dylib
0x000000001e9ab000 	/System/Library/PrivateFrameworks/MetalPerformanceShaders.framework/Versions/A/MetalPerformanceShaders
0x000000001e9ab000 	/System/Library/PrivateFrameworks/FaceCore.framework/Versions/A/FaceCore
0x000000001e9ab000 	/System/Library/Frameworks/OpenCL.framework/Versions/A/OpenCL
0x000000001e9ab000 	/System/Library/Frameworks/OpenGL.framework/Versions/A/Libraries/libGLU.dylib
0x000000001e9ab000 	/System/Library/Frameworks/OpenGL.framework/Versions/A/Libraries/libGFXShared.dylib
0x000000001e9ab000 	/System/Library/Frameworks/OpenGL.framework/Versions/A/Libraries/libGL.dylib
0x000000001e9ab000 	/System/Library/Frameworks/OpenGL.framework/Versions/A/Libraries/libGLImage.dylib
0x000000001e9ab000 	/System/Library/Frameworks/OpenGL.framework/Versions/A/Libraries/libCVMSPluginSupport.dylib
0x000000001e9ab000 	/System/Library/Frameworks/OpenGL.framework/Versions/A/Libraries/libCoreVMClient.dylib
0x000000001e9ab000 	/System/Library/PrivateFrameworks/CrashReporterSupport.framework/Versions/A/CrashReporterSupport
0x000000001e9ab000 	/System/Library/PrivateFrameworks/Sharing.framework/Versions/A/Sharing
0x000000001e9ab000 	/System/Library/PrivateFrameworks/IconServices.framework/Versions/A/IconServices
0x000000001e9ab000 	/System/Library/PrivateFrameworks/ProtocolBuffer.framework/Versions/A/ProtocolBuffer
0x000000001e9ab000 	/System/Library/PrivateFrameworks/Apple80211.framework/Versions/A/Apple80211
0x000000001e9ab000 	/System/Library/Frameworks/CoreWLAN.framework/Versions/A/CoreWLAN
0x000000001e9ab000 	/System/Library/PrivateFrameworks/CoreUtils.framework/Versions/A/CoreUtils
0x000000001e9ab000 	/System/Library/Frameworks/IOBluetooth.framework/Versions/A/IOBluetooth
0x000000001e9ab000 	/System/Library/PrivateFrameworks/CoreWiFi.framework/Versions/A/CoreWiFi
0x000000001e9ab000 	/System/Library/Frameworks/CoreBluetooth.framework/Versions/A/CoreBluetooth
0x000000001e9ab000 	/System/Library/Frameworks/CoreDisplay.framework/Versions/A/CoreDisplay
0x000000001e9ab000 	/System/Library/PrivateFrameworks/IOPresentment.framework/Versions/A/IOPresentment
0x000000001e9ab000 	/System/Library/PrivateFrameworks/DebugSymbols.framework/Versions/A/DebugSymbols
0x000000001e9ab000 	/System/Library/PrivateFrameworks/CoreSymbolication.framework/Versions/A/CoreSymbolication
0x000000001e9ab000 	/System/Library/PrivateFrameworks/Symbolication.framework/Versions/A/Symbolication
0x000000001e9ab000 	/System/Library/PrivateFrameworks/AppleFSCompression.framework/Versions/A/AppleFSCompression
0x000000001e9ab000 	/System/Library/PrivateFrameworks/SpeechRecognitionCore.framework/Versions/A/SpeechRecognitionCore
0x000000001e9ab000 	/System/Library/PrivateFrameworks/ChunkingLibrary.framework/Versions/A/ChunkingLibrary
0x0000000108130000 	/Library/Java/JavaVirtualMachines/jdk1.8.0_45.jdk/Contents/Home/jre/lib/server/libjvm.dylib
0x000000001e9ab000 	/usr/lib/libstdc++.6.dylib
0x000000010662e000 	/Library/Java/JavaVirtualMachines/jdk1.8.0_45.jdk/Contents/Home/jre/lib/libverify.dylib
0x000000010663c000 	/Library/Java/JavaVirtualMachines/jdk1.8.0_45.jdk/Contents/Home/jre/lib/libjava.dylib
0x000000010667b000 	/Library/Java/JavaVirtualMachines/jdk1.8.0_45.jdk/Contents/Home/jre/lib/libzip.dylib
0x0000000123750000 	/System/Library/Frameworks/JavaVM.framework/Frameworks/JavaRuntimeSupport.framework/JavaRuntimeSupport
0x000000012376a000 	/System/Library/Frameworks/JavaVM.framework/Versions/A/Frameworks/JavaNativeFoundation.framework/Versions/A/JavaNativeFoundation
0x00000001067ee000 	/System/Library/Frameworks/JavaVM.framework/Versions/A/JavaVM
0x000000001e9ab000 	/System/Library/Frameworks/Carbon.framework/Versions/A/Carbon
0x0000000108095000 	/System/Library/PrivateFrameworks/JavaLaunching.framework/Versions/A/JavaLaunching
0x000000001e9ab000 	/System/Library/Frameworks/Carbon.framework/Versions/A/Frameworks/CommonPanels.framework/Versions/A/CommonPanels
0x000000001e9ab000 	/System/Library/Frameworks/Carbon.framework/Versions/A/Frameworks/Help.framework/Versions/A/Help
0x000000001e9ab000 	/System/Library/Frameworks/Carbon.framework/Versions/A/Frameworks/ImageCapture.framework/Versions/A/ImageCapture
0x000000001e9ab000 	/System/Library/Frameworks/Carbon.framework/Versions/A/Frameworks/OpenScripting.framework/Versions/A/OpenScripting
0x000000001e9ab000 	/System/Library/Frameworks/Carbon.framework/Versions/A/Frameworks/Print.framework/Versions/A/Print
0x000000001e9ab000 	/System/Library/Frameworks/Carbon.framework/Versions/A/Frameworks/SecurityHI.framework/Versions/A/SecurityHI
0x00000001254f3000 	/Library/Java/JavaVirtualMachines/jdk1.8.0_45.jdk/Contents/Home/jre/lib/libnet.dylib
0x000000012582c000 	/Library/Java/JavaVirtualMachines/jdk1.8.0_45.jdk/Contents/Home/jre/lib/libnio.dylib
0x000000012583c000 	/Users/ediaz/.gradle/native/19/osx-amd64/libnative-platform.dylib

VM Arguments:
jvm_args: -DANTLR_DO_NOT_EXIT=true -Dfile.encoding=UTF-8 -Duser.country=US -Duser.language=en -Duser.variant 
java_command: org.gradle.process.internal.launcher.IsolatedGradleWorkerMain 'Gradle ANTLR Worker 1'
java_class_path (initial): /Users/ediaz/.sdkman/candidates/gradle/2.10/lib/gradle-base-services-2.10.jar:/Users/ediaz/.sdkman/candidates/gradle/2.10/lib/gradle-core-2.10.jar:/Users/ediaz/.sdkman/candidates/gradle/2.10/lib/gradle-cli-2.10.jar:/Users/ediaz/.sdkman/candidates/gradle/2.10/lib/gradle-native-2.10.jar:/Users/ediaz/.sdkman/candidates/gradle/2.10/lib/gradle-messaging-2.10.jar:/Users/ediaz/.sdkman/candidates/gradle/2.10/lib/slf4j-api-1.7.10.jar:/Users/ediaz/.sdkman/candidates/gradle/2.10/lib/jul-to-slf4j-1.7.10.jar:/Users/ediaz/.sdkman/candidates/gradle/2.10/lib/guava-jdk5-17.0.jar
Launcher Type: SUN_STANDARD

Environment Variables:
JAVA_HOME=/Library/Java/JavaVirtualMachines/jdk1.8.0_45.jdk/Contents/Home
PATH=/Users/ediaz/.rbenv/shims:/Users/ediaz/anaconda/bin:/Library/Java/JavaVirtualMachines/jdk1.8.0_45.jdk/Contents/Home/bin:/Library/Developer/Toolchains/swift-latest.xctoolchain/usr/bin:/Users/ediaz/.sdkman/candidates/groovy/current/bin:/Users/ediaz/.sdkman/candidates/grails/current/bin:/Users/ediaz/.sdkman/candidates/gradle/current/bin:/usr/local/bin:/usr/bin:/bin:/usr/sbin:/sbin:/usr/local/go/bin:/usr/texbin
SHELL=/bin/bash

Signal Handlers:
SIGSEGV: [libjvm.dylib+0x58ef95], sa_mask[0]=11111111011111110111111111111111, sa_flags=SA_ONSTACK|SA_RESTART|SA_SIGINFO
SIGBUS: [libjvm.dylib+0x58ef95], sa_mask[0]=11111111011111110111111111111111, sa_flags=SA_RESTART|SA_SIGINFO
SIGFPE: [libjvm.dylib+0x46c108], sa_mask[0]=11111111011111110111111111111111, sa_flags=SA_RESTART|SA_SIGINFO
SIGPIPE: [libjvm.dylib+0x46c108], sa_mask[0]=11111111011111110111111111111111, sa_flags=SA_RESTART|SA_SIGINFO
SIGXFSZ: [libjvm.dylib+0x46c108], sa_mask[0]=11111111011111110111111111111111, sa_flags=SA_RESTART|SA_SIGINFO
SIGILL: [libjvm.dylib+0x46c108], sa_mask[0]=11111111011111110111111111111111, sa_flags=SA_RESTART|SA_SIGINFO
SIGUSR1: SIG_DFL, sa_mask[0]=11011111011111100000000111000110, sa_flags=none
SIGUSR2: [libjvm.dylib+0x46bc26], sa_mask[0]=00100000000000000000000000000000, sa_flags=SA_RESTART|SA_SIGINFO
SIGHUP: [libjvm.dylib+0x46a1f9], sa_mask[0]=11111111011111110111111111111111, sa_flags=SA_RESTART|SA_SIGINFO
SIGINT: [libjvm.dylib+0x46a1f9], sa_mask[0]=11111111011111110111111111111111, sa_flags=SA_RESTART|SA_SIGINFO
SIGTERM: [libjvm.dylib+0x46a1f9], sa_mask[0]=11111111011111110111111111111111, sa_flags=SA_RESTART|SA_SIGINFO
SIGQUIT: [libjvm.dylib+0x46a1f9], sa_mask[0]=11111111011111110111111111111111, sa_flags=SA_RESTART|SA_SIGINFO


---------------  S Y S T E M  ---------------

OS:Bsduname:Darwin 16.1.0 Darwin Kernel Version 16.1.0: Thu Oct 13 21:26:57 PDT 2016; root:xnu-3789.21.3~60/RELEASE_X86_64 x86_64
rlimit: STACK 8192k, CORE 0k, NPROC 709, NOFILE 10240, AS infinity
load average:2.64 3.16 3.01

CPU:total 8 (4 cores per cpu, 2 threads per core) family 6 model 58 stepping 9, cmov, cx8, fxsr, mmx, sse, sse2, sse3, ssse3, sse4.1, sse4.2, popcnt, avx, aes, clmul, erms, ht, tsc, tscinvbit, tscinv

Memory: 4k page, physical 16777216k(25248k free)

/proc/meminfo:


vm_info: Java HotSpot(TM) 64-Bit Server VM (25.45-b02) for bsd-amd64 JRE (1.8.0_45-b14), built on Apr 10 2015 10:46:38 by "java_re" with gcc 4.2.1 (Based on Apple Inc. build 5658) (LLVM build 2336.11.00)

time: Tue Nov  1 21:31:57 2016
elapsed time: 0 seconds (0d 0h 0m 0s)

